# JRE version: OpenJDK Runtime Environment Microsoft-8035246 (17.0.8+7) (build 17.0.8+7-LTS)
# Java VM: OpenJDK 64-Bit Server VM Microsoft-8035246 (17.0.8+7-LTS, mixed mode, sharing, tiered, compressed oops, compressed class ptrs, g1 gc, windows-amd64)
GC Precious Log:
 CPUs: 4 total, 4 available
 Memory: 8070M
 Large Page Support: Disabled
 NUMA Support: Disabled
 Compressed Oops: Enabled (32-bit)
 Heap Region Size: 1M
 Heap Min Capacity: 8M
 Heap Initial Capacity: 128M
 Heap Max Capacity: 2G
 Pre-touch: Disabled
 Parallel Workers: 4
 Concurrent Workers: 1
 Concurrent Refinement Workers: 4
 Periodic GC: Disabled
Heap:
 garbage-first heap   total 355328K, used 201151K [0x0000000080000000, 0x0000000100000000)
  region size 1024K, 24 young (24576K), 2 survivors (2048K)
 Metaspace       used 98748K, committed 99776K, reserved 557056K
  class space    used 13791K, committed 14272K, reserved 425984K
GC Heap History (20 events):
Event: 39.948 GC heap before
{Heap before GC invocations=44 (full 0):
 garbage-first heap   total 183296K, used 147292K [0x0000000080000000, 0x0000000100000000)
  region size 1024K, 53 young (54272K), 5 survivors (5120K)
 Metaspace       used 87632K, committed 88512K, reserved 557056K
  class space    used 12404K, committed 12800K, reserved 425984K
}
Event: 39.972 GC heap after
{Heap after GC invocations=45 (full 0):
 garbage-first heap   total 183296K, used 104934K [0x0000000080000000, 0x0000000100000000)
  region size 1024K, 7 young (7168K), 7 survivors (7168K)
 Metaspace       used 87632K, committed 88512K, reserved 557056K
  class space    used 12404K, committed 12800K, reserved 425984K
}
Event: 40.034 GC heap before
{Heap before GC invocations=45 (full 0):
 garbage-first heap   total 183296K, used 104934K [0x0000000080000000, 0x0000000100000000)
  region size 1024K, 8 young (8192K), 7 survivors (7168K)
 Metaspace       used 87683K, committed 88576K, reserved 557056K
  class space    used 12404K, committed 12800K, reserved 425984K
}
Event: 40.053 GC heap after
{Heap after GC invocations=46 (full 0):
 garbage-first heap   total 355328K, used 104680K [0x0000000080000000, 0x0000000100000000)
  region size 1024K, 1 young (1024K), 1 survivors (1024K)
 Metaspace       used 87683K, committed 88576K, reserved 557056K
  class space    used 12404K, committed 12800K, reserved 425984K
}
Event: 43.967 GC heap before
{Heap before GC invocations=46 (full 0):
 garbage-first heap   total 355328K, used 274664K [0x0000000080000000, 0x0000000100000000)
  region size 1024K, 160 young (163840K), 1 survivors (1024K)
 Metaspace       used 94384K, committed 95296K, reserved 557056K
  class space    used 13281K, committed 13696K, reserved 425984K
}
Event: 44.005 GC heap after
{Heap after GC invocations=47 (full 0):
 garbage-first heap   total 355328K, used 137822K [0x0000000080000000, 0x0000000100000000)
  region size 1024K, 20 young (20480K), 20 survivors (20480K)
 Metaspace       used 94384K, committed 95296K, reserved 557056K
  class space    used 13281K, committed 13696K, reserved 425984K
}
Event: 46.577 GC heap before
{Heap before GC invocations=47 (full 0):
 garbage-first heap   total 355328K, used 253534K [0x0000000080000000, 0x0000000100000000)
  region size 1024K, 133 young (136192K), 20 survivors (20480K)
 Metaspace       used 97306K, committed 98240K, reserved 557056K
  class space    used 13667K, committed 14080K, reserved 425984K
}
Event: 46.625 GC heap after
{Heap after GC invocations=48 (full 0):
 garbage-first heap   total 355328K, used 150853K [0x0000000080000000, 0x0000000100000000)
  region size 1024K, 12 young (12288K), 12 survivors (12288K)
 Metaspace       used 97306K, committed 98240K, reserved 557056K
  class space    used 13667K, committed 14080K, reserved 425984K
}
Event: 49.031 GC heap before
{Heap before GC invocations=48 (full 0):
 garbage-first heap   total 355328K, used 267589K [0x0000000080000000, 0x0000000100000000)
  region size 1024K, 123 young (125952K), 12 survivors (12288K)
 Metaspace       used 98034K, committed 98944K, reserved 557056K
  class space    used 13733K, committed 14144K, reserved 425984K
}
Event: 49.074 GC heap after
{Heap after GC invocations=49 (full 0):
 garbage-first heap   total 355328K, used 160523K [0x0000000080000000, 0x0000000100000000)
  region size 1024K, 9 young (9216K), 9 survivors (9216K)
 Metaspace       used 98034K, committed 98944K, reserved 557056K
  class space    used 13733K, committed 14144K, reserved 425984K
}
Event: 51.066 GC heap before
{Heap before GC invocations=49 (full 0):
 garbage-first heap   total 355328K, used 240395K [0x0000000080000000, 0x0000000100000000)
  region size 1024K, 81 young (82944K), 9 survivors (9216K)
 Metaspace       used 98276K, committed 99264K, reserved 557056K
  class space    used 13748K, committed 14208K, reserved 425984K
}
Event: 51.104 GC heap after
{Heap after GC invocations=50 (full 0):
 garbage-first heap   total 355328K, used 165506K [0x0000000080000000, 0x0000000100000000)
  region size 1024K, 14 young (14336K), 14 survivors (14336K)
 Metaspace       used 98276K, committed 99264K, reserved 557056K
  class space    used 13748K, committed 14208K, reserved 425984K
}
Event: 51.901 GC heap before
{Heap before GC invocations=50 (full 0):
 garbage-first heap   total 355328K, used 212610K [0x0000000080000000, 0x0000000100000000)
  region size 1024K, 53 young (54272K), 14 survivors (14336K)
 Metaspace       used 98376K, committed 99392K, reserved 557056K
  class space    used 13758K, committed 14208K, reserved 425984K
}
Event: 51.927 GC heap after
{Heap after GC invocations=51 (full 0):
 garbage-first heap   total 355328K, used 168713K [0x0000000080000000, 0x0000000100000000)
  region size 1024K, 9 young (9216K), 9 survivors (9216K)
 Metaspace       used 98376K, committed 99392K, reserved 557056K
  class space    used 13758K, committed 14208K, reserved 425984K
}
Event: 51.934 GC heap before
{Heap before GC invocations=51 (full 0):
 garbage-first heap   total 355328K, used 171785K [0x0000000080000000, 0x0000000100000000)
  region size 1024K, 11 young (11264K), 9 survivors (9216K)
 Metaspace       used 98376K, committed 99392K, reserved 557056K
  class space    used 13758K, committed 14208K, reserved 425984K
}
Event: 51.953 GC heap after
{Heap after GC invocations=52 (full 0):
 garbage-first heap   total 355328K, used 170185K [0x0000000080000000, 0x0000000100000000)
  region size 1024K, 9 young (9216K), 9 survivors (9216K)
 Metaspace       used 98376K, committed 99392K, reserved 557056K
  class space    used 13758K, committed 14208K, reserved 425984K
}
Event: 55.028 GC heap before
{Heap before GC invocations=53 (full 0):
 garbage-first heap   total 355328K, used 297161K [0x0000000080000000, 0x0000000100000000)
  region size 1024K, 124 young (126976K), 9 survivors (9216K)
 Metaspace       used 98744K, committed 99776K, reserved 557056K
  class space    used 13791K, committed 14272K, reserved 425984K
}
Event: 55.061 GC heap after
{Heap after GC invocations=54 (full 0):
 garbage-first heap   total 355328K, used 175681K [0x0000000080000000, 0x0000000100000000)
  region size 1024K, 16 young (16384K), 16 survivors (16384K)
 Metaspace       used 98744K, committed 99776K, reserved 557056K
  class space    used 13791K, committed 14272K, reserved 425984K
}
Event: 55.080 GC heap before
{Heap before GC invocations=54 (full 0):
 garbage-first heap   total 355328K, used 176705K [0x0000000080000000, 0x0000000100000000)
  region size 1024K, 17 young (17408K), 16 survivors (16384K)
 Metaspace       used 98746K, committed 99776K, reserved 557056K
  class space    used 13791K, committed 14272K, reserved 425984K
}
Event: 55.120 GC heap after
{Heap after GC invocations=55 (full 0):
 garbage-first heap   total 355328K, used 175551K [0x0000000080000000, 0x0000000100000000)
  region size 1024K, 2 young (2048K), 2 survivors (2048K)
 Metaspace       used 98746K, committed 99776K, reserved 557056K
  class space    used 13791K, committed 14272K, reserved 425984K
}

